C251 COMPILER V5.60.0,  IO                                                                 24/04/24  23:59:19  PAGE 1   


C251 COMPILER V5.60.0, COMPILATION OF MODULE IO
OBJECT MODULE PLACED IN ..\firmware\IO.obj
COMPILER INVOKED BY: C:\Keil_v5\C251\BIN\C251.EXE IO.c XSMALL OPTIMIZE(9,SPEED) BROWSE DEBUG TABS(2) OBJECT(..\firmware\
                    -IO.obj) 

stmt  level    source

    1          #include "IO.h"
    2          #include "time.h"
    3          #include "DATA.h"
    4          #include "logic.h"
    5          #include "OLED.h"
    6          //******************************************************************************
    7          //*
    8          //*     OLED_POW  打开OLED屏幕供电，00-5V 01-5.5V 02-6V 03-6.5V
    9          //*
   10          //******************************************************************************
   11          extern u16 Sleep_Queue_task[Sleep_queue_num];
   12          extern u16 xdata dat00[System_data_num];
   13          
   14          void OLED_POW(u8 dat)
   15          {
   16   1            P53 = 1;
   17   1            P5M0 &= 0xf7; //p54双向
   18   1            P5M1 &= 0xf7;
   19   1            P05 = ~(dat & 0x01);
   20   1            P06 = ~(dat & 0x02);
   21   1      }
   22          
   23          void OLED_POW_LOW()
   24          {
   25   1            P53 = 0;
   26   1            P5M0 |= 0x08; 
   27   1            P5M1 |= 0x08;
   28   1            P05 = 1;
   29   1            P06 = 1;
   30   1      }
   31          
   32          void RESET54()
   33          {
   34   1            P5M0 &= 0xed; //p54双向
   35   1            P5M1 &= 0xed;
   36   1            P54RST = 1;
   37   1      }
   38          
   39          void Clock_INT()
   40          {
   41   1      //      P5M0 &= 0xfe; //p54双向
   42   1      //      P5M1 &= 0xfe;
   43   1            P50 = 1;
   44   1            P5INTE |= 0x01;//允许端口中断
   45   1            P5IM1 =  0x00;//下降沿中断
   46   1            P5IM0 =  0x00;  
   47   1            P5WKUE |= 0x01;//允许掉电唤醒 
   48   1      
   49   1            
   50   1      //      P5M0 &= 0xfe; //p54双向
   51   1      //      P5M1 &= 0xfe;
   52   1      
   53   1      //      P5M0 &= 0xFB; //初始化电池电压检测MOS控制开关
   54   1      //      P5M1 &= 0xFB; // 
   55   1      }
   56          
   57          
   58          
C251 COMPILER V5.60.0,  IO                                                                 24/04/24  23:59:19  PAGE 2   

   59          
   60          
   61          
   62          
   63          
   64          void key_int()
   65          {
   66   1        //+
   67   1      //  P4M0 &= 0x9f; 
   68   1      //  P4M1 &= 0x9f; 
   69   1      
   70   1        P4INTE |= 0x60;//允许端口中断
   71   1        P4IM1 &=  0x9f;//下降沿中断
   72   1        P4IM0 &=  0x9f;
   73   1        
   74   1        P4WKUE |= 0x60;//允许掉电唤醒 
   75   1        
   76   1      //  P2M0 &= 0x3f; 
   77   1      //  P2M1 &= 0x3f;   
   78   1        
   79   1        P2INTE |= 0xC0;//允许端口中断
   80   1        P2IM1 &=  0x3f;//下降沿中断
   81   1        P2IM0 &=  0x3f; 
   82   1        
   83   1        P2WKUE |= 0xC0;//允许掉电唤醒   
   84   1        
   85   1      }
   86          
   87          
   88          void Buzzer_Open()
   89          {
   90   1          P4M0 |= 0x01;    
   91   1          P4M1 &= 0xFE;
   92   1      }
   93          
   94          void Buzzer_Close()
   95          {
   96   1          P4M0 |= 0x01;    
   97   1          P4M1 |= 0x01;
   98   1      }
   99          
  100          
  101          
  102          void Buzzer_falg_0020()
  103          {
  104   1           if(Sleep_Queue_task[0] & 0x0020)
  105   1           {       
  106   2            Buzzer_Close();
  107   2            Sleep_Queue_task[0] &=~0x0020;
  108   2           }    
  109   1      }
  110          
  111          
  112          void Battery_ON_ON()
  113          { 
  114   1          P52 = 1;
  115   1          P5M0 |= 0x04; //初始化电池电压检测MOS控制开关
  116   1          P5M1 &= ~0x04; //
  117   1      }
  118          
  119          void Battery_ON_OFF()
  120          { 
  121   1      
  122   1          P5M0 |= 0x04; //初始化电池电压检测MOS控制开关
  123   1          P5M1 |= 0x04; //
  124   1          P52 = 0;  
C251 COMPILER V5.60.0,  IO                                                                 24/04/24  23:59:19  PAGE 3   

  125   1      }
  126          
  127          
  128          
  129          
  130          
  131          
  132          void IO_Init(void)
  133          {
  134   1          
  135   1      //*********************P0区******************************* 
  136   1      //  
  137   1      //  BMC050 DRDYO中断+  KEYSET + KEY+ 设置为双向口 默认高电平
  138   1      //  
  139   1      //  （双向）P07 SPL06_INT        （开漏）P06 OLEDV1       （开漏）P05 OLEDV2    （高阻）P0
             -4 BATTERY（电池ADC采样脚）   （高阻）P03 ADC6（充电电流）   （开漏）PP02 EN（锂电池充电EN） 
             -  （高阻）P01 GHRG   （开漏）PP00 VIN/2 
  140   1            
  141   1          P0M0 = 0x65;
  142   1          P0M1 = 0x7f;  
  143   1        
  144   1      //*********************P4区******************************* 
  145   1      //  P47 DRDYO        P46 KEYSET       P45 KEY+    P44 悬空   P43 悬空   P42 悬空   P41 悬空   P40 
             -CCP0_EN（蜂鸣器控制）   
  146   1          P4M0 = 0x1f; 
  147   1          P4M1 = 0x1f; 
  148   1          Buzzer_Close();
  149   1        
  150   1        
  151   1      //*********************P1区*******************************   
  152   1      //  （双向）P17 INT3O        （开漏）P16 悬空       （双向）P15 SCL    （双向）P14 SDA  
             - （双向）P13 INT2O    （开漏）P12   （开漏）P11 BH_INT   （开漏）P10 悬空
  153   1          P1M0 = 0x47;
  154   1          P1M1 = 0x47;
  155   1      //    SCK = 0;
  156   1          P1PU = 0x30;//IIC上拉电阻
  157   1          
  158   1          
  159   1          
  160   1      //*********************P3区*******************************   
  161   1      //  （双向）P37 INT3（BMC050）        （开漏）P36 悬空       （开漏）P35 悬空    （双
             -）P34 SW360   （开漏）P33 悬空    （开漏）P32 悬空     （开漏）P31 TX   （开漏）P30 RX
  162   1          P3M0 = 0x6f; 
  163   1          P3M1 = 0x6f; 
  164   1      
  165   1      //*********************P5区*******************************   
  166   1      //  （开漏）P57         （开漏）P56        （开漏）P55     （双向）P54 RSET   （开漏）
             -P53 5VEN    （开漏）P52 BATTERY_ON     （开漏）P51 TEXT  （双向）P50 SQW（1Hz）
  167   1          P5M0 = 0xee; 
  168   1          P5M1 = 0xee; 
  169   1          
  170   1          
  171   1      //*********************P2区*******************************   
  172   1      //  （双向）P27  KEY-       （双向）P26  KEYMODE      （推挽）P25 SCLK    （开漏）P24 悬
             -   （推挽）P23 MOSI    （开漏）P22 CS     （双向）P21 DC  （双向）P20 RES
  173   1          CS =0;
  174   1          P2M0 = 0x3c; 
  175   1          P2M1 = 0x14; 
  176   1      
  177   1      
  178   1          P6M0 = 0xff; 
  179   1          P6M1 = 0xff; 
  180   1      
  181   1          P7M0 = 0xff; 
  182   1          P7M1 = 0xff; 
  183   1          
C251 COMPILER V5.60.0,  IO                                                                 24/04/24  23:59:19  PAGE 4   

  184   1          P2SR = 0xd7; 
  185   1          P2DR = 0xd7; 
  186   1      
  187   1      
  188   1          P0IE=0x1b;  P1IE=0x30;
  189   1          P2IE=0xc0;  P3IE=0x13;//0x10
  190   1          P4IE=0x60;  P5IE=0x11;
  191   1          P6IE=0x00;  P7IE=0x00;
  192   1      
  193   1      
  194   1      
  195   1      
  196   1            
  197   1      
  198   1      }
  199          
  200          
  201          
  202          
  203          
  204          
  205          
  206          
  207          
  208          
  209          
  210          
  211          


Module Information          Static   Overlayable
------------------------------------------------
  code size            =       403     ------
  ecode size           =    ------     ------
  data size            =    ------     ------
  idata size           =    ------     ------
  pdata size           =    ------     ------
  xdata size           =    ------     ------
  xdata-const size     =    ------     ------
  edata size           =    ------     ------
  bit size             =    ------     ------
  ebit size            =    ------     ------
  bitaddressable size  =    ------     ------
  ebitaddressable size =    ------     ------
  far data size        =    ------     ------
  huge data size       =    ------     ------
  const size           =    ------     ------
  hconst size          =    ------     ------
End of Module Information.


C251 COMPILATION COMPLETE.  0 WARNING(S),  0 ERROR(S)
