C251 COMPILER V5.60.0,  logic                                                              24/04/24  23:59:19  PAGE 1   


C251 COMPILER V5.60.0, COMPILATION OF MODULE logic
OBJECT MODULE PLACED IN ..\firmware\logic.obj
COMPILER INVOKED BY: C:\Keil_v5\C251\BIN\C251.EXE logic.c XSMALL OPTIMIZE(9,SPEED) BROWSE DEBUG TABS(2) OBJECT(..\firmwa
                    -re\logic.obj) 

stmt  level    source

    1          #include "logic.h"
    2          #include "DATA.h"
    3          #include "OLED.h"
    4          #include "IO.h"
    5          #include "SecondaryMenu.h"
    6          
    7          
    8          extern u16 xdata dat00[System_data_num];
    9          extern u16 xdata dat00_low[System_data_num];
   10          extern u8 xdata dat00_flag[System_data_num];
   11          extern u16 xdata dat00_max[System_data_num];
   12          
   13          extern u32 AlarmClock[16];
   14          
   15          
   16          
   17          void jump_MainMenu()     //跳到主菜单
   18          {
   19   1          dat00[0x10] = 0;
   20   1          dat00_low[0x17] = dat00[0x17];
   21   1          dat00[GET_SC() + 0x0f] = dat00[0x17] % GET_SCdat();
   22   1          dat00_flag[0x10] = 1;
   23   1      }
   24          
   25          void jump_SecondaryMenu()     //跳到二级菜单
   26          {
   27   1              dat00[0x10] = dat00[0x11]+1;
   28   1              dat00_flag[0x10] = 1;
   29   1              dat00[0x17] = (dat00[GET_SC()] << 1)+ dat00[GET_SC() + 0x0f];
   30   1              dat00[0x18] = dat00[0x17];
   31   1              dat00_low[0x17] = dat00[0x17];
   32   1              if(dat00[0x11] == 0x06) GET_time_c();
   33   1      }
   34          
   35          void test_10()     //跳到二级菜单
   36          {
   37   1                  dat00[0x009F] = AlarmClock[0x0f];
   38   1                  dat00[0x0090] = 10;
   39   1                  dat00[0x009E] = 1;  
   40   1                          
   41   1      }
   42          
   43          
   44          
   45          
   46          void SET_key()     //主菜单 按下确认
   47          {
   48   1        
   49   1        
   50   1          
   51   1      
   52   1        
   53   1        
   54   1      //******************************************************************************
   55   1      //*
   56   1      //*     主菜单下，且不在三级菜单，按下确定，进入相应的二级菜单
   57   1      //*
   58   1      //******************************************************************************
C251 COMPILER V5.60.0,  logic                                                              24/04/24  23:59:19  PAGE 2   

   59   1          if((dat00[0x10] == 0x0000 | (dat00[0x11]==0x0007 && dat00[0x009E]<2)) && dat00[0x1A] == 0 )
   60   1          {
   61   2              if(dat00[0x11]==0x0007)  // dat00[0x009E]标志进入诱导闹钟菜单
   62   2              {
   63   3                 if(dat00[0x009E] == 0)
   64   3                 {
   65   4                  test_10();             
   66   4                 }
   67   3                  else
   68   3                  {
   69   4                    AlarmClock[0x0f] = dat00[0x009F];
   70   4                    Alarm_conversion_32TO16((u8)AlarmClock[0x0f]);
   71   4                    dat00[0x009F] = 0x00;
   72   4                    dat00[0x009E] = 2;
   73   4                    dat00[0x0090] = 9;    
   74   4                  }
   75   3              } 
   76   2              
   77   2              jump_SecondaryMenu();
   78   2          }
   79   1      //******************************************************************************
   80   1      //*
   81   1      //*     系统信息界面，按下确认也是返回主菜单
   82   1      //*
   83   1      //******************************************************************************
   84   1          else if(dat00[0x10] == 0x000F && dat00[0x1A] == 0)
   85   1          {
   86   2              jump_MainMenu();
   87   2          }
   88   1      //******************************************************************************
   89   1      //*
   90   1      //*     在二级菜单（且你在三级菜单）不可修改值按下确定
   91   1      //*
   92   1      //******************************************************************************
   93   1          else if((dat00_max[GET_SCdat3()] & 0x0080 ) && dat00[0x1A] == 0)
   94   1          {
   95   2              if(dat00[0x10] == 0x0001 && dat00[0x2F] == 0x0005)//进入标准TV模式
   96   2              {
   97   3                  dat00[0x10] = 0x0020;
   98   3                  dat00_flag[0x10] = 1;
   99   3              }
  100   2               else if(dat00[0x10] == 0x0002 && dat00[0x3F] == 0x0005)//设置时间
  101   2              {
  102   3      
  103   3                  dat00_flag[0x10] = 1;
  104   3                  dat00_flag[0x36] = 1;
  105   3              }
  106   2              else if(dat00[0x10] == 0x0007 && dat00[0x008F] == 0x0000)//设置时间
  107   2              {
  108   3                  jump_MainMenu();
  109   3                  dat00_flag[0x81] = 1;
  110   3              }
  111   2          } 
  112   1      //******************************************************************************
  113   1      //*
  114   1      //*     在二级菜单（且你在三级菜单、不是指南针菜单）按下确定，进入三级菜单
  115   1      //*
  116   1      //******************************************************************************
  117   1          else if(dat00[0x10] >= 0x0001 && dat00[0x10] <= 0x0010 && dat00[0x1A] == 0 && dat00[0x10] != 0x0005)
  118   1          {
  119   2              dat00[0x1A] = 1;
  120   2              dat00_flag[0x10] = 1;
  121   2          }
  122   1      //******************************************************************************
  123   1      //*
  124   1      //*     在三级菜单（非指南针菜单）按下确定，回到二级菜单
C251 COMPILER V5.60.0,  logic                                                              24/04/24  23:59:19  PAGE 3   

  125   1      //*
  126   1      //******************************************************************************
  127   1          else if(dat00[0x10] >= 0x0001 && dat00[0x10] <= 0x0010 && dat00[0x1A] == 1 && dat00[0x10] != 0x0005)
  128   1          {
  129   2              dat00[0x1A] = 0;
  130   2              dat00_flag[0x10] = 1;
  131   2              dat00_low[GET_SCdat3()] = dat00[GET_SCdat3()];
  132   2          }
  133   1      //******************************************************************************
  134   1      //*
  135   1      //*     在TV模式时，按下确定按键支持快速查询
  136   1      //*
  137   1      //******************************************************************************
  138   1          else if(dat00[0x0010] == 0x0020 | dat00[0x0010] == 0x0021 | dat00[0x0010] == 0x0022)
  139   1          {
  140   2              dat00[0x10]=0x0022;
  141   2              dat00_flag[0x10]=1;
  142   2          } 
  143   1          else
  144   1          {
  145   2              jump_MainMenu();
  146   2          }
  147   1      
  148   1      
  149   1      }
  150          
  151          
  152          
  153          
  154          
  155          
  156          
  157          
  158          
  159          
  160          
  161          void ESC_key()     //二级菜单 按下退出
  162          {
  163   1        
  164   1        
  165   1        
  166   1          if(dat00[0x11]==0x0007 && dat00[0x1A] == 0)
  167   1          {
  168   2              if(dat00[0x009E] == 1)  // 退出诱导闹钟菜单，回到主菜单
  169   2              {
  170   3                  AlarmClock[0x0f] = dat00[0x009F];
  171   3                  dat00[0x009E] = 0;
  172   3                  dat00_low[0x0010] = dat00[0x0010];
  173   3                  jump_MainMenu();          
  174   3              }
  175   2              else if(dat00[0x009E] == 2)  // 退出闹钟菜单，回到诱导闹钟菜单
  176   2              {
  177   3                  Alarm_conversion_16TO32((u8)(AlarmClock[0x0f]));
  178   3                  test_10();             
  179   3                  jump_SecondaryMenu();       
  180   3              } 
  181   2          }
  182   1          else if((dat00[0x10] >= 0x0001 && dat00[0x10] <= 0x0010 && dat00[0x1A] == 0) | (dat00[0x10] >= 0x0020
             - && dat00[0x10] <= 0x0022))
  183   1          {
  184   2              dat00_low[0x0010] = dat00[0x0010];
  185   2              jump_MainMenu();
  186   2              
  187   2          }
  188   1          else if(dat00[0x10] >= 0x0001 && dat00[0x10] <= 0x0010 && dat00[0x1A] == 1)
  189   1          {
C251 COMPILER V5.60.0,  logic                                                              24/04/24  23:59:19  PAGE 4   

  190   2              dat00[0x1A] = 0;
  191   2              dat00_flag[0x10] = 1;
  192   2              dat00[GET_SCdat3()] = dat00_low[GET_SCdat3()];
  193   2              dat00_flag[GET_SCdat3()] = 1;
  194   2          }
  195   1          
  196   1          else
  197   1          {
  198   2              jump_MainMenu();
  199   2      
  200   2          }
  201   1      
  202   1      }
  203          
  204          
  205          void Add_key(u8 a)   //主菜单 按下+
  206          {
  207   1      
  208   1      
  209   1      
  210   1      
  211   1      
  212   1          if(dat00[0x10] == 0x0005)
  213   1          {
  214   2      
  215   2              dat00[0x0064] = 0;
  216   2              dat00_low[0x0064] = 0;
  217   2              dat00[0x0065] = 0;
  218   2              dat00_low[0x0065] = 0;
  219   2              dat00[0x0066] = 0;
  220   2              dat00_low[0x0066] = 0;
  221   2              dat00[0x0067] = 0;
  222   2              dat00_low[0x0067] = 0;
  223   2          } 
  224   1          else if(dat00[0x10] == 0x0000 && dat00[0x1A] == 0)
  225   1          {
  226   2              data00_Change(0x14,a);
  227   2          }
  228   1          else if(dat00[0x10] > 0 && dat00[0x10] < 16 && dat00[0x1A] == 0)
  229   1          {
  230   2              data00_Change(0x17,a);
  231   2          }
  232   1          else if(dat00[0x1A] == 1)
  233   1          {
  234   2              //data00_Change((u8)GET_SCdat3(),a);
  235   2          }
  236   1          
  237   1          
  238   1          if(dat00[0x0010] == 0x0020 | dat00[0x0010] == 0x0021 | dat00[0x0010] == 0x0022)
  239   1          {
  240   2            if(a)
  241   2            { 
  242   3              dat00[0x10]=0x0021;
  243   3              dat00_flag[0x10]=1;
  244   3            }
  245   2            else
  246   2            {
  247   3              dat00[0x10]=0x0020;
  248   3              dat00_flag[0x10]=1;         
  249   3            }
  250   2          } 
  251   1          
  252   1          
  253   1          
  254   1          
  255   1          
C251 COMPILER V5.60.0,  logic                                                              24/04/24  23:59:19  PAGE 5   

  256   1          
  257   1      }
  258          
  259          
  260          void key_thread1_new()
  261          {
  262   1          if(dat00[0] & 0x0001)
  263   1          {
  264   2      
  265   2              SleepQueue_aheadW1(6,1,0);
  266   2      
  267   2      
  268   2              if(dat00[0xC3] == 1)
  269   2              {
  270   3                  if(dat00[0xC1] == 1)
  271   3                  {
  272   4                      Buzzer_Open();
  273   4                      SleepQueue_aheadW1(dat00[0xC2],0x0020,0);
  274   4                  }
  275   3              }
  276   2      
  277   2      
  278   2      
  279   2              dat00[0] &= ~0x0001;
  280   2          }
  281   1      }


Module Information          Static   Overlayable
------------------------------------------------
  code size            =      1230     ------
  ecode size           =    ------     ------
  data size            =    ------     ------
  idata size           =    ------     ------
  pdata size           =    ------     ------
  xdata size           =    ------     ------
  xdata-const size     =    ------     ------
  edata size           =    ------     ------
  bit size             =    ------     ------
  ebit size            =    ------     ------
  bitaddressable size  =    ------     ------
  ebitaddressable size =    ------     ------
  far data size        =    ------     ------
  huge data size       =    ------     ------
  const size           =    ------     ------
  hconst size          =    ------     ------
End of Module Information.


C251 COMPILATION COMPLETE.  0 WARNING(S),  0 ERROR(S)
