C251 COMPILER V5.60.0,  SleepMode                                                          24/01/24  00:35:54  PAGE 1   


C251 COMPILER V5.60.0, COMPILATION OF MODULE SleepMode
OBJECT MODULE PLACED IN SleepMode.OBJ
COMPILER INVOKED BY: C:\Keil_v51\C251\BIN\C251.EXE SleepMode.c XSMALL OPTIMIZE(9,SPEED) BROWSE DEBUG TABS(2) 

stmt  level    source

    1          #include "SleepMode.h"
    2          #include "IO.h"
    3          #include "OLED.h"
    4          #include "IIC.h"
    5          #include "ADC.h"
    6          #include "time.h"
    7          #include "DATA.h"
    8          #include "INS5699S.h"
    9          
   10          
   11          extern u16 xdata dat00[System_data_num];
   12          extern u16 xdata dat00_low[System_data_num];
   13          extern u8 xdata dat00_flag[System_data_num];
   14          
   15          
   16          
   17          
   18          
   19          
   20          
   21          
   22          void SleepMode_ON()
   23          {
   24   1          IIC_W2bit(0x64,0x0E,0x00);//清除警告  
   25   1          IIC_W2bit(0x64,0x0F,0x40);//关闭定时器
   26   1        
   27   1        
   28   1        
   29   1        
   30   1        
   31   1        
   32   1        
   33   1        
   34   1          EAXFR = 1;
   35   1          ADC_CONTR = 0x00;
   36   1          I2CCFG = 0x40+25;    //满速400K 35M 设定20
   37   1          SPCTL &= 0xbf; 
   38   1      //    HSSPI_CFG2 &=~0x20;
   39   1      //    DMA_SPI_CR = 0x00;
   40   1          P2PU = 0x00;
   41   1          P1PU = 0x00;//IIC上拉电阻
   42   1        
   43   1          Battery_ON_OFF();
   44   1      
   45   1      
   46   1      //*********************P0区******************************* 
   47   1      //  
   48   1      //  BMC050 DRDYO中断+  KEYSET + KEY+ 设置为双向口 默认高电平
   49   1      //  
   50   1      //  （双向）P07 SPL06_INT        （开漏）P06 OLEDV1       （开漏）P05 OLEDV2    （高阻）P0
             -4 BATTERY（电池ADC采样脚）   （高阻）P03 ADC6（充电电流）   （开漏）PP02 EN（锂电池充电EN） 
             -  （高阻）P01 GHRG   （开漏）PP00 VIN/2 
   51   1      
   52   1          P0=0xff;
   53   1          P0M0 = 0x65;
   54   1          P0M1 = 0x7f;  
   55   1        
   56   1      //*********************P4区******************************* 
   57   1      //  P47 DRDYO        P46 KEYSET       P45 KEY+    P44 悬空   P43 悬空   P42 悬空   P41 悬空   P40 
C251 COMPILER V5.60.0,  SleepMode                                                          24/01/24  00:35:54  PAGE 2   

             -CCP0_EN（蜂鸣器控制）  
   58   1          P4=0xfe;
   59   1          P4M0 = 0x1f; 
   60   1          P4M1 = 0x1f; 
   61   1        
   62   1        
   63   1      //*********************P1区*******************************   
   64   1      //  （双向）P17 INT3O        （开漏）P16 悬空       （双向）P15 SCL    （双向）P14 SDA  
             - （双向）P13 INT2O    （开漏）P12   （开漏）P11 BH_INT   （开漏）P10 悬空
   65   1          P1=0xff;
   66   1          P1M0 = 0x45;
   67   1          P1M1 = 0x45;
   68   1        
   69   1      //*********************P3区*******************************   
   70   1      //  （双向）P37 INT3（BMC050）        （开漏）P36 悬空       （开漏）P35 悬空    （双
             -）P34 SW360   （开漏）P33 悬空    （开漏）P32 悬空     （开漏）P31 TX   （开漏）P30 RX
   71   1          P3=0xff;
   72   1          P3M0 = 0xef; 
   73   1          P3M1 = 0xef; 
   74   1      
   75   1      //*********************P5区*******************************   
   76   1      //  （开漏）P57         （开漏）P56        （开漏）P55     （双向）P54 RSET   （开漏）
             -P53 5VEN    （开漏）P52 BATTERY_ON     （开漏）P51 TEXT  （双向）P50 SQW（1Hz）
   77   1          P5=0xf3;
   78   1          P5M0 = 0xef; 
   79   1          P5M1 = 0xef; 
   80   1          
   81   1          
   82   1      //*********************P2区*******************************   
   83   1      //  （双向）P27  KEY-       （双向）P26  KEYMODE      （推挽）P25 SCLK    （开漏）P24 悬
             -   （推挽）P23 MOSI    （开漏）P22 CS     （双向）P21 DC  （双向）P20 RES
   84   1          P2=0xff;
   85   1          P2M0 = 0x3f; 
   86   1          P2M1 = 0x3f; 
   87   1      
   88   1          
   89   1      
   90   1          P6=0xff;
   91   1          P6M0 = 0xff; 
   92   1          P6M1 = 0xff; 
   93   1          P7=0xff;
   94   1          P7M0 = 0xff; 
   95   1          P7M1 = 0xff; 
   96   1      
   97   1      
   98   1      
   99   1      
  100   1      
  101   1      
  102   1          P0IE=0x00;  P1IE=0x00;
  103   1          P2IE=0x00;  P3IE=0x10;//0x10
  104   1          P4IE=0x00;  P5IE=0x10;
  105   1          P6IE=0x00;  P7IE=0x00;
  106   1      
  107   1          P2SR = 0xff; 
  108   1          P2DR = 0xff; 
  109   1          
  110   1          P3IM1 &= ~0x10;//下降沿中断
  111   1          P3IM0 &= ~0x10;   
  112   1          P3WKUE |= 0x10;
  113   1          P3INTE |= 0x10;
  114   1          EA=1;
  115   1      
  116   1      
  117   1      
  118   1      
C251 COMPILER V5.60.0,  SleepMode                                                          24/01/24  00:35:54  PAGE 3   

  119   1          _nop_();
  120   1          _nop_();
  121   1          _nop_();
  122   1          _nop_();    
  123   1           PD = 1;                            //MCU进入掉电模式
  124   1          _nop_();
  125   1          _nop_();
  126   1          _nop_();
  127   1          _nop_();
  128   1      
  129   1        
  130   1      }
  131          
  132          void SleepMode_OFF()
  133          {
  134   1          P3WKUE &= ~0x10;
  135   1          P3INTE &= ~0x10;  
  136   1          EA=0;
  137   1          P54RST = 1;
  138   1          P0=0xff;
  139   1          P1=0xff;    
  140   1          P2=0xff;  
  141   1          P3=0xff;  
  142   1          P4=0xff;  
  143   1          P5=0xff;  
  144   1          P6=0xff;  
  145   1          P7=0xff;  
  146   1          IO_Init();
  147   1          OLED_POW(0);
  148   1          RESET54();  
  149   1          ADC_init();
  150   1          Clock_INT();
  151   1          key_int();
  152   1          IIC_int();
  153   1          IIC_W2bit(0x64,0x21,0x80);//关闭芯片K2开关
  154   1          Delay10us();
  155   1          IIC_W2bit(0x64,0x0F,0x71);//配置开启1S定时 0x60
  156   1          Delay10us();
  157   1          SPI_init();
  158   1          SPI_DMA_Config(); 
  159   1          P2PU = 0x01;//打开OLED  RSET上拉电阻
  160   1          OLED_Init();
  161   1          P2PU = 0x01;//打开OLED  RSET上拉电阻
  162   1          delay_ms(1);
  163   1          INS5699_timeR();
  164   1          dat00[0] |= 0x0002;
  165   1          dat00[0x10]=0x0020;
  166   1          dat00_flag[0x10]=1;
  167   1          SleepQueue_aheadW1(5,1,0);
  168   1          P0INTE |= 0x02;//允许端口中断
  169   1          P0IM1 |=  0xFD;//下降沿中断
  170   1          P0IM0 &=  0xFD;
  171   1          P0WKUE |= 0x02;//允许掉电唤醒
  172   1          EA = 1;
  173   1        
  174   1      
  175   1      }


Module Information          Static   Overlayable
------------------------------------------------
  code size            =       517     ------
  ecode size           =    ------     ------
  data size            =    ------     ------
  idata size           =    ------     ------
  pdata size           =    ------     ------
  xdata size           =    ------     ------
C251 COMPILER V5.60.0,  SleepMode                                                          24/01/24  00:35:54  PAGE 4   

  xdata-const size     =    ------     ------
  edata size           =    ------     ------
  bit size             =    ------     ------
  ebit size            =    ------     ------
  bitaddressable size  =    ------     ------
  ebitaddressable size =    ------     ------
  far data size        =    ------     ------
  huge data size       =    ------     ------
  const size           =    ------     ------
  hconst size          =    ------     ------
End of Module Information.


C251 COMPILATION COMPLETE.  0 WARNING(S),  0 ERROR(S)
