C251 COMPILER V5.60.0,  SPL06                                                              24/01/24  00:35:53  PAGE 1   


C251 COMPILER V5.60.0, COMPILATION OF MODULE SPL06
OBJECT MODULE PLACED IN SPL06.OBJ
COMPILER INVOKED BY: C:\Keil_v51\C251\BIN\C251.EXE SPL06.c XSMALL OPTIMIZE(9,SPEED) BROWSE DEBUG TABS(2) 

stmt  level    source

    1          #include "IIC.h"
    2          #include "SPL06.h"
    3          #include "time.h"
    4          #include "DATA.h"
    5          #include "UART1.h"
    6          
    7          extern u8 xdata DMABuffer[96];
    8          extern u32 xdata JCQ06_00[10];
    9          extern u16 Sleep_Queue_task[Sleep_queue_num];
   10          
   11          
   12          
   13          void SPL06_Init()
   14          {
   15   1           IIC_W2bit(SPL06_W,0x0C,0x09);//09åˆå§‹åŒ–  80ï¼šä»FIFOä¸­è¯»å‡ºæ‰€æœ‰æ•°æ®åï¼Œå†™å…¥'1'ä»¥æ¸…é™¤æ
             -‰€æœ‰æ—§æ•°æ®ã€‚  
   16   1           delay_ms(10);
   17   1          IIC_W2bit(SPL06_W,0x08,0x00);//å¾…æœºæ¨¡å¼    
   18   1           IIC_W2bit(SPL06_W,0x06,0x00);//é…ç½®æ°”å‹é‡‡æ ·
   19   1           IIC_W2bit(SPL06_W,0x07,0x00);//é…ç½®æ¸©åº¦é‡‡æ ·
   20   1           IIC_W2bit(SPL06_W,0x09,0x00);//    
   21   1      
   22   1        
   23   1      }
   24          
   25          
   26          
   27          void SPL06_C0R()
   28          {
   29   1          u8 i = 0;
   30   1          Start(); //å‘é€èµ·å§‹å‘½ä»¤
   31   1          SendData(SPL06_W);                             //å‘é€è®¾å¤‡åœ°å€+å†™å‘½ä»¤
   32   1          RecvACK();
   33   1          SendData(0x10);                             //å‘é€è®¾å¤‡åœ°å€+å†™å‘½ä»¤
   34   1          RecvACK();
   35   1          delay_ms(1);
   36   1          Start(); //å‘é€èµ·å§‹å‘½ä»¤
   37   1          SendData(SPL06_R);                             //å‘é€è®¾å¤‡åœ°å€+å†™å‘½ä»¤
   38   1          RecvACK();
   39   1          for(i=0;i<18;i++)
   40   1          {
   41   2             DMABuffer[i] = RecvData(); 
   42   2             if(i != 17) SendACK(); 
   43   2             if(i == 17) SendNAK();   
   44   2          } 
   45   1      
   46   1          UART1_TX(18);
   47   1         delay_ms(10);
   48   1          
   49   1      }
   50          
   51          
   52          
   53          void SPL06_PR(u8 cmd,u8 dat)// 0x01,0x00 æ°”å‹ï¼Œ0x02,0x03 æ¸©åº¦
   54          {
   55   1          u32 dat1 = 0;
   56   1          IIC_W2bit(SPL06_W,0x08,cmd);//æµ‹é‡æ¸©åº¦
   57   1          delay_ms(6);
   58   1          Start(); //å‘é€èµ·å§‹å‘½ä»¤
C251 COMPILER V5.60.0,  SPL06                                                              24/01/24  00:35:53  PAGE 2   

   59   1          SendData(SPL06_W);                             //å‘é€è®¾å¤‡åœ°å€+å†™å‘½ä»¤
   60   1          RecvACK();
   61   1          SendData(dat);                             //å‘é€è®¾å¤‡åœ°å€+å†™å‘½ä»¤
   62   1          RecvACK();
   63   1          Start(); //å‘é€èµ·å§‹å‘½ä»¤
   64   1          SendData(SPL06_R);                             //å‘é€è®¾å¤‡åœ°å€+å†™å‘½ä»¤
   65   1          RecvACK();
   66   1          
   67   1          dat1 = RecvData();                           //å‘é€è®¾å¤‡åœ°å€+å†™å‘½ä»¤
   68   1          SendACK();
   69   1          dat1 = dat1<<8;
   70   1          dat1 += RecvData();                           //å‘é€è®¾å¤‡åœ°å€+å†™å‘½ä»¤
   71   1          SendACK();  
   72   1          dat1 = dat1<<8; 
   73   1          dat1 += RecvData();                           //å‘é€è®¾å¤‡åœ°å€+å†™å‘½ä»¤
   74   1          SendNAK();
   75   1          Stop();
   76   1          JCQ06_00[cmd+1] = dat1;
   77   1      }
   78          
   79          
   80          void SPL06_Math_P(u32 dat3,u32 dat2)//dat3æ°”å‹
   81          {
   82   1            u32 dat4;
   83   1        
   84   1      //    DMABuffer[0] =dat3>>24;
   85   1      //    DMABuffer[1] =dat3>>16;
   86   1      //    DMABuffer[2] =dat3>>8;
   87   1      //    DMABuffer[3] =dat3;
   88   1      // 
   89   1      //    DMABuffer[4] =dat2>>24;
   90   1      //    DMABuffer[5] =dat2>>16;
   91   1      //    DMABuffer[6] =dat2>>8;
   92   1      //    DMABuffer[7] =dat2; 
   93   1      //  
   94   1      //    UART1_TX(8);
   95   1      //   delay_ms(10);
   96   1      //  
   97   1        
   98   1        
   99   1        
  100   1        
  101   1        
  102   1        
  103   1        
  104   1        
  105   1            dat2 = (dat2<<12) / k_pt_1; 
  106   1            dat3 = ((0x00ffffff - (dat3 & 0x007fffff)+1)<<12)/ k_pt_1;
  107   1            dat4 =c00 + ((dat3 *(c10 - ((dat3 *(c20 - ((dat3 * c30)>>12)))>>12)))>>12) - ((dat2 * c01)>>12) - (
             -(((dat3 * dat2)>>2) * (c11 + ((dat3*c21)>>12)))>>22);
  108   1            JCQ06_00[4] = dat4;
  109   1        
  110   1        
  111   1        
  112   1        
  113   1        
  114   1        
  115   1        
  116   1      }
  117          
  118          
  119          
  120          
  121          
  122          //      SPL06_PR(0x02,0x03);
  123          //      delay_ms(20);
C251 COMPILER V5.60.0,  SPL06                                                              24/01/24  00:35:53  PAGE 3   

  124          //      SPL06_PR(0x01,0x00);
  125          //      SPL06_Math_P(JCQ06_00[2],JCQ06_00[3]);
  126          
  127          
  128          
  129          
  130          
  131          void SPL06_R2(u8 cmd,u8 dat)
  132          {
  133   1          u32 dat1 = 0;
  134   1          Start(); //å‘é€èµ·å§‹å‘½ä»¤
  135   1          SendData(SPL06_W);                             //å‘é€è®¾å¤‡åœ°å€+å†™å‘½ä»¤
  136   1          RecvACK();
  137   1          SendData(dat);                             //å‘é€è®¾å¤‡åœ°å€+å†™å‘½ä»¤
  138   1          RecvACK();
  139   1          Start(); //å‘é€èµ·å§‹å‘½ä»¤
  140   1          SendData(SPL06_R);                             //å‘é€è®¾å¤‡åœ°å€+å†™å‘½ä»¤
  141   1          RecvACK();
  142   1          
  143   1          dat1 = RecvData();                           //å‘é€è®¾å¤‡åœ°å€+å†™å‘½ä»¤
  144   1          SendACK();
  145   1          dat1 = dat1<<8;
  146   1          dat1 += RecvData();                           //å‘é€è®¾å¤‡åœ°å€+å†™å‘½ä»¤
  147   1          SendACK();  
  148   1          dat1 = dat1<<8; 
  149   1          dat1 += RecvData();                           //å‘é€è®¾å¤‡åœ°å€+å†™å‘½ä»¤
  150   1          SendNAK();
  151   1          Stop();
  152   1          JCQ06_00[cmd] = dat1;
  153   1      }
  154          
  155          
  156          
  157          
  158          
  159          
  160          
  161          void SPL06_PR_R()
  162          {
  163   1         IIC_W2bit(SPL06_W,0x08,0x02);//æµ‹é‡æ¸©åº¦
  164   1         SleepQueue_aheadW1(15,0x0008,0);
  165   1      }
  166          
  167          
  168          void SPL06_PR_R_flag0008()
  169          {
  170   1      
  171   1             if(Sleep_Queue_task[0] & 0x0008)
  172   1           {       
  173   2            SPL06_R2(0x03,0x03);
  174   2            Sleep_Queue_task[0] &=~0x0008;
  175   2            IIC_W2bit(SPL06_W,0x08,0x01);//æµ‹é‡æ°”å‹
  176   2            SleepQueue_aheadW1(15,0x0010,0);
  177   2           } 
  178   1      }
  179          
  180          void SPL06_PR_P_flag0010()
  181          {
  182   1             if(Sleep_Queue_task[0] & 0x0010)
  183   1           {       
  184   2            SPL06_R2(0x02,0x00);
  185   2            SPL06_Math_P(JCQ06_00[2],JCQ06_00[3]);
  186   2            Sleep_Queue_task[0] &=~0x0010;
  187   2           } 
  188   1      }
  189          
C251 COMPILER V5.60.0,  SPL06                                                              24/01/24  00:35:53  PAGE 4   

  190          
  191          
  192          
  193          
  194          
  195          
  196          
  197          
  198          
  199          
  200          
  201          
  202          
  203          
  204          
  205          
  206          
  207          
  208          


Module Information          Static   Overlayable
------------------------------------------------
  code size            =       840     ------
  ecode size           =    ------     ------
  data size            =    ------     ------
  idata size           =    ------     ------
  pdata size           =    ------     ------
  xdata size           =    ------     ------
  xdata-const size     =    ------     ------
  edata size           =    ------          8
  bit size             =    ------     ------
  ebit size            =    ------     ------
  bitaddressable size  =    ------     ------
  ebitaddressable size =    ------     ------
  far data size        =    ------     ------
  huge data size       =    ------     ------
  const size           =    ------     ------
  hconst size          =    ------     ------
End of Module Information.


C251 COMPILATION COMPLETE.  0 WARNING(S),  0 ERROR(S)
