C251 COMPILER V5.60.0,  SW                                                                 24/04/24  23:59:20  PAGE 1   


C251 COMPILER V5.60.0, COMPILATION OF MODULE SW
OBJECT MODULE PLACED IN ..\firmware\SW.obj
COMPILER INVOKED BY: C:\Keil_v5\C251\BIN\C251.EXE SW.c XSMALL OPTIMIZE(9,SPEED) BROWSE DEBUG TABS(2) OBJECT(..\firmware\
                    -SW.obj) 

stmt  level    source

    1          #include "SW.h"
    2          
    3          
    4          void key_Thread ()
    5          {
    6   1          
    7   1        
    8   1        
    9   1        
   10   1        
   11   1        
   12   1        
   13   1        
   14   1        
   15   1        
   16   1        
   17   1        
   18   1        
   19   1      }
   20          
   21          
   22          
   23          
   24          
   25          
   26          
   27          
   28          
   29          
   30          


Module Information          Static   Overlayable
------------------------------------------------
  code size            =         1     ------
  ecode size           =    ------     ------
  data size            =    ------     ------
  idata size           =    ------     ------
  pdata size           =    ------     ------
  xdata size           =    ------     ------
  xdata-const size     =    ------     ------
  edata size           =    ------     ------
  bit size             =    ------     ------
  ebit size            =    ------     ------
  bitaddressable size  =    ------     ------
  ebitaddressable size =    ------     ------
  far data size        =    ------     ------
  huge data size       =    ------     ------
  const size           =    ------     ------
  hconst size          =    ------     ------
End of Module Information.


C251 COMPILATION COMPLETE.  0 WARNING(S),  0 ERROR(S)
