C251 COMPILER V5.60.0,  ThreeMenu                                                          24/04/24  23:59:21  PAGE 1   


C251 COMPILER V5.60.0, COMPILATION OF MODULE ThreeMenu
OBJECT MODULE PLACED IN ..\firmware\ThreeMenu.obj
COMPILER INVOKED BY: C:\Keil_v5\C251\BIN\C251.EXE ThreeMenu.c XSMALL OPTIMIZE(9,SPEED) BROWSE DEBUG TABS(2) OBJECT(..\fi
                    -rmware\ThreeMenu.obj) 

stmt  level    source

    1          #include "ThreeMenu.h"
    2          #include "OLED.h"
    3          #include "DATA.h"
    4          #include "SecondaryMenu.h"
    5          
    6          
    7          extern u16 xdata dat00[System_data_num];
    8          extern u16 xdata dat00_low[System_data_num];
    9          extern u8 xdata dat00_flag[System_data_num];
   10          
   11          /****************************** 睡眠寄存器组 ***********************************/
   12          extern u16 Sleep_Queue[Sleep_queue_num];
   13          extern u16 Sleep_Queue_count;
   14          extern u16 Sleep_Queue_count_target;
   15          extern u16 Sleep_Queue_task[Sleep_queue_num];
   16          
   17          
   18          u16 jy;
   19          u16 xxx;
   20          
   21          void UI_ThreeMenu()
   22          {
   23   1          OLED_Region_Fill();
   24   1          OLED_Progress_Bar(dat00[GET_SCdat3()],data_GetMax(GET_SCdat3()));
   25   1          OLED_16_16V(TVR((u8)dat00[0x11]),UI_S_F(0),32,2,1);
   26   1          OLED_16_16V(TVR((u8)dat00[0x11]),UI_S_F(0)+1,32,3,1);
   27   1          
   28   1      }
   29          
   30          
   31          void IU_Three()
   32          {
   33   1          if(dat00[0x1A] == 1)
   34   1          {
   35   2              if(P45 && P27)
   36   2              {
   37   3                  jy=0;
   38   3              }
   39   2              if(!P45)
   40   2              {
   41   3                  data00_Change(GET_SCdat3(),1);
   42   3                  if(jy < 250)  jy = jy + 10;
   43   3              }
   44   2              if(!P27)
   45   2              {
   46   3                  data00_Change(GET_SCdat3(),0);
   47   3                  if(jy < 250)  jy = jy + 10;
   48   3              }
   49   2              if(dat00[GET_SCdat3()] != dat00[0x1b] )
   50   2              {
   51   3                  OLED_Progress_Bar(dat00[GET_SCdat3()],data_GetMax(GET_SCdat3()));
   52   3                  SleepQueue_aheadW1(350 - jy,1,0);
   53   3                  dat00[0x1b] = dat00[GET_SCdat3()];
   54   3              }
   55   2              
   56   2              
   57   2          }
   58   1      }
C251 COMPILER V5.60.0,  ThreeMenu                                                          24/04/24  23:59:21  PAGE 2   

   59          
   60          


Module Information          Static   Overlayable
------------------------------------------------
  code size            =       281     ------
  ecode size           =    ------     ------
  data size            =    ------     ------
  idata size           =    ------     ------
  pdata size           =    ------     ------
  xdata size           =    ------     ------
  xdata-const size     =    ------     ------
  edata size           =         4     ------
  bit size             =    ------     ------
  ebit size            =    ------     ------
  bitaddressable size  =    ------     ------
  ebitaddressable size =    ------     ------
  far data size        =    ------     ------
  huge data size       =    ------     ------
  const size           =    ------     ------
  hconst size          =    ------     ------
End of Module Information.


C251 COMPILATION COMPLETE.  0 WARNING(S),  0 ERROR(S)
