C251 COMPILER V5.60.0,  ADC                                                                25/04/24  01:57:56  PAGE 1   


C251 COMPILER V5.60.0, COMPILATION OF MODULE ADC
OBJECT MODULE PLACED IN ADC.OBJ
COMPILER INVOKED BY: C:\Keil_v5\C251\BIN\C251.EXE ADC.c XSMALL OPTIMIZE(9,SPEED) BROWSE DEBUG TABS(2) 

stmt  level    source

    1          #include "ADC.h"
    2          #include "time.h"
    3          #include "IO.h"
    4          #include "DATA.h"
    5          #include "UART1.h"
    6          #include "OLED.h"
    7          
    8          
    9          extern u16 dat00[System_data_num];
   10          extern u16 dat00_low[System_data_num];
   11          
   12          extern u16 Sleep_Queue_task[Sleep_queue_num];
   13          
   14          u16 ADC_CK = 0;
   15          
   16          u32 adc_rtf = 0;
   17          
   18          u16 BV[8];
   19          
   20          u8 pp=0;
   21          
   22          u16 Battery_PE_Low = 0;
   23          
   24          //========================================================================
   25          // ÂáΩÊï∞: void VB_SET(u16 dat)
   26          // ÊèèËø∞: Âπ≥ÂùáÂÄºÊï∞ÁªÑËµãÂàùÂÄº
   27          // ÂèÇÊï∞: 
   28          // ËøîÂõû: 
   29          // ÁâàÊú¨: V1.0 2023.02.05
   30          //========================================================================
   31          void VB_SET(u16 dat)
   32          {
   33   1          u8 i =0;
   34   1          for(i=0; i<8; i++)
   35   1          {
   36   2              BV[i] = dat;
   37   2          }
   38   1      }
   39          
   40          
   41          //========================================================================
   42          // ÂáΩÊï∞: void VB_SET(u16 dat)
   43          // ÊèèËø∞: ËØªÂèñÁîµÊ±†ÁîµÂéãÂÄº
   44          // ÂèÇÊï∞: 
   45          // ËøîÂõû: 
   46          // ÁâàÊú¨: V1.0 2023.02.05
   47          //========================================================================
   48          u16 Get_VB()
   49          {
   50   1          u32 adc_dat = 0;
   51   1          u8 i = 0;
   52   1          Battery_ON_ON();//MOSÊâìÂºÄ
   53   1          for(i=0; i<4; i++)
   54   1          {
   55   2              adc_rtf = Get_ADC12bitResult(15);//ËØªÂèÇËÄÉÁîµÂéã
   56   2          }
   57   1          for(i=0; i<4; i++)
   58   1          {
   59   2              adc_dat = Get_ADC12bitResult(0x0C);//ËØªÁîµÊ±†ÁîµÂéã
C251 COMPILER V5.60.0,  ADC                                                                25/04/24  01:57:56  PAGE 2   

   60   2          }
   61   1          Battery_ON_OFF();//MOSÂÖ≥Èó≠
   62   1          for(i=0; i<4; i++)
   63   1          {
   64   2              adc_dat = Get_ADC12bitResult(0x0C);//ÂÜçËØª‰∏ÄÊ¨°ËØªÁîµÊ±†ÁîµÂéãÔºåMOSÁªìÁîµÂÆπÊúâ‰ΩôÁîµÂÖ≥‰∏ç‰∫Ü
             -Ëøô‰πàÂø´
   65   2          }
   66   1          adc_dat = (adc_dat<<16);
   67   1          adc_dat = (adc_dat/adc_rtf*ADC_CK)>>15;
   68   1          return  (u16)adc_dat;
   69   1      }
   70          
   71          //========================================================================
   72          // ÂáΩÊï∞: u16 Get_VB_Average(u16 dat)
   73          // ÊèèËø∞: Âπ≥ÂùáÂÄºÊª§Ê≥¢
   74          // ÂèÇÊï∞: 
   75          // ËøîÂõû: 
   76          // ÁâàÊú¨: V1.0 2023.02.05
   77          //========================================================================
   78          u16 Get_VB_Average(u16 dat)
   79          {
   80   1          u16 adc_dat = 0;
   81   1          u8 i = 0;
   82   1          for(i=0; i<7; i++)
   83   1          {
   84   2              BV[i] = BV[i+1];
   85   2          }
   86   1          BV[7] = dat;
   87   1          for(i=0; i<8; i++)
   88   1          {
   89   2              adc_dat += BV[i];
   90   2          }
   91   1          adc_dat = adc_dat>>3;
   92   1      
   93   1          return  adc_dat;
   94   1      }
   95          
   96          
   97          
   98          
   99          
  100          //========================================================================
  101          // ÂáΩÊï∞: void ADC_init()
  102          // ÊèèËø∞: ADCÂàùÂßãÂåñ
  103          // ÂèÇÊï∞: 
  104          // ËøîÂõû: 
  105          // ÁâàÊú¨: V1.0 2023.02.05
  106          //========================================================================
  107          void ADC_init()
  108          {
  109   1          ADCEXCFG = 0x02;  //ËÆæÁΩÆËΩ¨Êç¢Ê¨°Êï∞
  110   1          ADCTIM = 0x3f;    //ËÆæÁΩÆ ADC ÂÜÖÈÉ®Êó∂Â∫èÔºåADCÈááÊ†∑Êó∂Èó¥Âª∫ËÆÆËÆæÊúÄÂ§ßÂÄº
  111   1          ADCCFG = 0x22;    //ËÆæÁΩÆ ADC Êó∂Èíü‰∏∫Á≥ªÁªüÊó∂Èíü/2/16/16
  112   1          //ADC_CONTR = 0x80;
  113   1          //ADC_POWER=1;      //ADCÁîµÊ∫êÊâìÂºÄ
  114   1      
  115   1          ADC_CONTR = 0x80;
  116   1          delay_ms(2);
  117   1          VB_SET(Get_VB());
  118   1          _nop_();
  119   1          ADC_CONTR = 0;
  120   1          ADC_CK = ((((u16)CHIPID7)<<8) | CHIPID8)+28;//ËØªÂèñÂÜÖÈÉ®ÂèÇËÄÉÊ∫êÁîµÂéã+‰øÆÊîπ
  121   1      }
  122          
  123          
  124          //========================================================================
C251 COMPILER V5.60.0,  ADC                                                                25/04/24  01:57:56  PAGE 3   

  125          // ÂáΩÊï∞: u16 Get_ADC12bitResult(u8 channel)
  126          // ÊèèËø∞: ADCÊµãÈáè
  127          // ÂèÇÊï∞: 
  128          // ËøîÂõû: 
  129          // ÁâàÊú¨: V1.0 2023.02.05
  130          //========================================================================
  131          u16 Get_ADC12bitResult(u8 channel) // channel = 0~15  0~7  P10~P17  8~14 P00~P06 15ÂÜÖÈÉ®ÂèÇËÄÉÊ∫ê
  132          {
  133   1          u16 i = 100;
  134   1          ADC_RES = 0;
  135   1          ADC_RESL = 0;
  136   1          ADC_CONTR = 0x80 + channel;
  137   1          ADC_START = 1;//ÂêØÂä®ËΩ¨Êç¢
  138   1      
  139   1          while((ADC_FLAG == 0) && (i--));   //Á≠âÂæÖADCÂÆåÊàê
  140   1          ADC_FLAG = 0;     //Ê∏ÖÈô§‰∏≠Êñ≠
  141   1          return  (((u16)ADC_RES << 8) | ADC_RESL);
  142   1      }
  143          
  144          
  145          
  146          //========================================================================
  147          // ÂáΩÊï∞: void ADC_Get_V1()
  148          // ÊèèËø∞: Ê£ÄÊµãÊòØ‰∏çÊòØÊèíÊúâÁîµÊ±†
  149          // ÂèÇÊï∞: 
  150          // ËøîÂõû: 
  151          // ÁâàÊú¨: V1.0 2023.02.05
  152          //========================================================================
  153          void ADC_Get_V1()
  154          {
  155   1          if(P00)
  156   1          {
  157   2              if(dat00_low[0x00E2]>0)
  158   2              {
  159   3                  dat00[0x00E2] = 0;
  160   3              }
  161   2              else
  162   2              {
  163   3                  dat00[0x00E2] = 1;
  164   3              }
  165   2              dat00_low[0x00E2] = 0;
  166   2              P0INTE |= 0x02;//ÂÖÅËÆ∏Á´ØÂè£‰∏≠Êñ≠
  167   2              P0IM1 |=  0xFD;//‰∏ãÈôçÊ≤ø‰∏≠Êñ≠
  168   2              P0IM0 &=  0xFD;
  169   2              P0WKUE |= 0x02;//ÂÖÅËÆ∏ÊéâÁîµÂî§ÈÜí
  170   2          }
  171   1          else
  172   1          {
  173   2              dat00[0x00E2] = 1;
  174   2          }
  175   1          ADC_CONTR = 0x80;
  176   1          SleepQueue_aheadW1(16,0x0040,0);
  177   1      }
  178          
  179          /*
  180          100%----4.20V
  181          90%-----4.06V
  182          80%-----3.98V
  183          70%-----3.92V
  184          60%-----3.87V
  185          50%-----3.82V
  186          40%-----3.79V
  187          30%-----3.77V
  188          20%-----3.74V
  189          10%-----3.68V
  190          5%------3.45V
C251 COMPILER V5.60.0,  ADC                                                                25/04/24  01:57:56  PAGE 4   

  191          0%------3.00V
  192          */
  193          
  194          
  195          
  196          
  197          
  198          
  199          //========================================================================
  200          // ÂáΩÊï∞: void Battery_percentage(u32 a)
  201          // ÊèèËø∞: ÁîµÊ±†ÁîµÈáèÂà§Êñ≠ÔºàÂ§öÂ∞ëÊúâÁÇπÈóÆÈ¢òÔºåÂà∞Êó∂ÂÄôÊàëÂÜçÂçïÁã¨ÊµãËΩØÂåÖÁîµÊ±†ÁöÑÊõ≤Á∫øÁúãÁúãÔ
             -ºâ
  202          // ÂèÇÊï∞: 
  203          // ËøîÂõû: 
  204          // ÁâàÊú¨: V1.0 2023.02.05
  205          //========================================================================
  206          void Battery_percentage(u32 a)
  207          {
  208   1          u16 b = 0;
  209   1          a = a*100;
  210   1      
  211   1          if(a>=417900)
  212   1          {
  213   2              b = 1000;
  214   2          }
  215   1          else if(a >= 406300)
  216   1          {
  217   2              b = 900 + (a - 406300)/116;
  218   2          }
  219   1          else if(a >= 394900)
  220   1          {
  221   2              b = 800 + (a - 394900)/114;
  222   2          }
  223   1          else if(a >= 384500)
  224   1          {
  225   2              b = 700 + (a - 384500)/104;
  226   2          }
  227   1          else if(a >= 376000)
  228   1          {
  229   2              b = 600 + (a - 376000)/85;
  230   2          }
  231   1          else if(a >= 369500)
  232   1          {
  233   2              b = 500 + (a - 369500)/65;
  234   2          }
  235   1          else if(a >= 364800)
  236   1          {
  237   2              b = 400 + (a - 364800)/47;
  238   2          }
  239   1          else if(a >= 361300)
  240   1          {
  241   2              b = 300 + (a - 361300)/35;
  242   2          }
  243   1          else if(a >= 357600)
  244   1          {
  245   2              b = 200 + (a - 357600)/37;
  246   2          }
  247   1          else if(a >= 352100)
  248   1          {
  249   2              b = 100 + (a - 352100)/55;
  250   2          }
  251   1          else if(a >= 348000)
  252   1          {
  253   2              b = 50 + (a - 348000)/41;
  254   2          }
  255   1          else if(a >= 342600)
C251 COMPILER V5.60.0,  ADC                                                                25/04/24  01:57:56  PAGE 5   

  256   1          {
  257   2              b = (a - 342600)/54;
  258   2          }
  259   1          else
  260   1          {
  261   2              b = 0;
  262   2          }
  263   1          dat00[0x00E5] = b;
  264   1          if(!P00)
  265   1          {
  266   2            if(dat00[0x00E5] > (dat00_low[0x00E5] + 20) || dat00[0x00E5] < dat00_low[0x00E5])//‰∏çÂÖÅËÆ∏Âú®2%Âè™ËÉ
             -ΩÁöÑËåÉÂõ¥Ë∑≥
  267   2              {
  268   3                  dat00_low[0x00E5] = dat00[0x00E5];
  269   3              }
  270   2              else
  271   2              {
  272   3                  dat00[0x00E5] = dat00_low[0x00E5];
  273   3              }
  274   2          }
  275   1      }
  276          
  277          
  278          
  279          
  280          
  281          
  282          
  283          
  284          //========================================================================
  285          // ÂáΩÊï∞: void ADC_falg_0040()
  286          // ÊèèËø∞: ADC‰ΩøËÉΩ‰πãÂêéË¶ÅÁ≠â1msÊâçËÉΩÂºÄÂßãÈááÈõÜ
  287          // ÂèÇÊï∞: 
  288          // ËøîÂõû: 
  289          // ÁâàÊú¨: V1.0 2023.02.05
  290          //========================================================================
  291          void ADC_falg_0040()
  292          {
  293   1          u32 adc_dat = 0;
  294   1          if(Sleep_Queue_task[0] & 0x0040)
  295   1          {
  296   2              dat00_low[0x00E1] = dat00[0x00E1];
  297   2              dat00[0x00E1] = P00;
  298   2      
  299   2              adc_dat = Get_VB();
  300   2      
  301   2      
  302   2      
  303   2              if(adc_dat > (dat00[0x00E3]+200) || (adc_dat+200) < dat00[0x00E3] )
  304   2              {
  305   3                  VB_SET((u16)adc_dat);
  306   3              }
  307   2              else
  308   2              {
  309   3                  adc_dat = Get_VB_Average((u16)adc_dat);
  310   3              }
  311   2      //        //miao(pp++);
  312   2              dat00[0x00E3] = adc_dat;
  313   2      
  314   2      
  315   2              if(dat00[0x00E1])
  316   2              {
  317   3                  adc_dat = Get_ADC12bitResult(0x0B);
  318   3                  adc_dat = (adc_dat<<16);
  319   3                  adc_dat = (((adc_dat/adc_rtf*ADC_CK)/25)*10)>>16;
  320   3                  dat00[0x00E4] = adc_dat;
C251 COMPILER V5.60.0,  ADC                                                                25/04/24  01:57:56  PAGE 6   

  321   3              }
  322   2              else
  323   2              {
  324   3                  dat00[0x00E4] = 0;
  325   3              }
  326   2              Battery_percentage(dat00[0x00E3]);
  327   2              ADC_CONTR = 0;
  328   2              Sleep_Queue_task[0] &=~0x0040;
  329   2          }
  330   1      }
  331          
  332          
  333          
  334          
  335          
  336          
  337          
  338          
  339          
  340          
  341          


Module Information          Static   Overlayable
------------------------------------------------
  code size            =      1074     ------
  ecode size           =    ------     ------
  data size            =    ------     ------
  idata size           =    ------     ------
  pdata size           =    ------     ------
  xdata size           =    ------     ------
  xdata-const size     =    ------     ------
  edata size           =        25          1
  bit size             =    ------     ------
  ebit size            =    ------     ------
  bitaddressable size  =    ------     ------
  ebitaddressable size =    ------     ------
  far data size        =    ------     ------
  huge data size       =    ------     ------
  const size           =    ------     ------
  hconst size          =        25     ------
End of Module Information.


C251 COMPILATION COMPLETE.  0 WARNING(S),  0 ERROR(S)
