C251 COMPILER V5.60.0,  SleepMode                                                          25/04/24  01:58:01  PAGE 1   


C251 COMPILER V5.60.0, COMPILATION OF MODULE SleepMode
OBJECT MODULE PLACED IN SleepMode.OBJ
COMPILER INVOKED BY: C:\Keil_v5\C251\BIN\C251.EXE SleepMode.c XSMALL OPTIMIZE(9,SPEED) BROWSE DEBUG TABS(2) 

stmt  level    source

    1          #include "SleepMode.h"
    2          #include "IO.h"
    3          #include "OLED.h"
    4          #include "IIC.h"
    5          #include "DATA.h"
    6          #include "ADC.h"
    7          #include "time.h"
    8          #include "INS5699S.h"
    9          #include "TV_Mode.h"
   10          #include "BMC050.h"
   11          
   12          
   13          
   14          extern u16 dat00[System_data_num];
   15          extern u16 dat00_low[System_data_num];
   16          extern u8 xdata dat00_flag[System_data_num];
   17          
   18          extern u8 Time_New[7];
   19          extern u8 Time_Low[7];
   20          
   21          
   22          extern u8 OLED_InverseDisplay;
   23          
   24          
   25          
   26          
   27          
   28          
   29          
   30          //========================================================================
   31          // å‡½æ•°: SleepMode_ON()
   32          // æè¿°: æ•´æœºè¿›å…¥ä¼‘çœ æ¨¡å¼
   33          // å‚æ•°:
   34          // è¿”å›:
   35          // ç‰ˆæœ¬: V1.0 2024.02.12
   36          //========================================================================
   37          void SleepMode_ON()
   38          {
   39   1          EA = 0;
   40   1          if(dat00[0x0035] == 0x0001)//æ·±åº¦ä¼‘çœ 
   41   1          {
   42   2              IIC_W2bit(0x64,0x0F,0x40);//ç¦ç”¨æ—¶é—´æ›´æ–°ä¸­æ–­
   43   2              IIC_W2bit(0x64,0x0E,0x00);//æ¸…é™¤è­¦å‘Š
   44   2              IIC_W2bit(BH1745_W,0x42,0x02);
   45   2          }
   46   1          OLED_WrCmd(0xa6);     //OLEDå…³é—­
   47   1          Magnetometer_Close();//ç£å¼ºè®¡æŒ‚èµ·
   48   1          if(dat00[0x0035] == 0x0001)//æ·±åº¦ä¼‘çœ 
   49   1          {
   50   2              ADC_CONTR = 0x00;
   51   2              I2CCFG = 0x40+35;    //æ»¡é€Ÿ400K 35M è®¾å®š20
   52   2              P1PU = 0x00;         //IICä¸Šæ‹‰ç”µé˜»
   53   2              SPCTL &= 0xbf;
   54   2          }
   55   1      //  BMC050 DRDYOä¸­æ–­+  KEYSET + KEY+ è®¾ç½®ä¸ºåŒå‘å£ é»˜è®¤é«˜ç”µå¹³
   56   1      //
   57   1      //  ï¼ˆåŒå‘ï¼‰P07 SPL06_INT        ï¼ˆå¼€æ¼ï¼‰P06 OLEDV1       ï¼ˆå¼€æ¼ï¼‰P05 OLEDV2    ï¼ˆé«˜é˜»ï¼‰P0
             -4 BATTERYï¼ˆç”µæ± ADCé‡‡æ ·è„šï¼‰   ï¼ˆé«˜é˜»ï¼‰P03 ADC6ï¼ˆå……ç”µç”µæµï¼‰   ï¼ˆå¼€æ¼ï¼‰PP02 ENï¼ˆé”‚ç”µæ± å……ç”µENï¼‰ 
             -  ï¼ˆé«˜é˜»ï¼‰P01 GHRG   ï¼ˆå¼€æ¼ï¼‰PP00 VIN/2
C251 COMPILER V5.60.0,  SleepMode                                                          25/04/24  01:58:01  PAGE 2   

   58   1      
   59   1          if(dat00[0x0036])//å¦‚æœæ˜¯ä¼‘çœ å±æ˜¾æ¨¡å¼ï¼Œæ§åˆ¶ç”µå‹æ¡£ä½çš„ä¸¤ä¸ªè„šä¸å˜
   60   1          {
   61   2              dat00[0] |= 0x0080;
   62   2              P00 = 1;
   63   2              P01 = 1;
   64   2              P02 = 1;
   65   2              P03 = 1;
   66   2              P04 = 1;
   67   2              P07 = 1;
   68   2          }
   69   1          else
   70   1          {
   71   2              P0=0xff;
   72   2          }
   73   1          P0M0 = 0x65;
   74   1          P0M1 = 0x7f;
   75   1      
   76   1      
   77   1      
   78   1      //*********************P4åŒº*******************************
   79   1      //  ï¼ˆå¼€æ¼ï¼‰P47 DRDYO        P46 KEYSET       P45 KEY+    P44 æ‚¬ç©º   P43 æ‚¬ç©º   P42 æ‚¬ç©º   P41 æ
             -‚¬ç©º   P40 CCP0_ENï¼ˆèœ‚é¸£å™¨æ§åˆ¶ï¼‰
   80   1          if(dat00[0x0035] == 0x0001)//æ·±åº¦ä¼‘çœ 
   81   1          {
   82   2              P4=0xfe;
   83   2              P4M0 = 0x9f;
   84   2              P4M1 = 0x9f;
   85   2          }
   86   1          else
   87   1          {
   88   2              if(dat00[0x0005])//å¦‚æœèœ‚é¸£å™¨è¿˜åœ¨å“ï¼Œä¸å…³é—­4Kæ–¹æ³¢ç‹¬ç«‹å‘ç”Ÿç”µè·¯çš„ä¾›ç”µ
   89   2              {
   90   3                  P4=0xFF;
   91   3                  P4M0 = 0x1f;
   92   3                  P4M1 = 0x1e;
   93   3              }
   94   2              else
   95   2              {
   96   3                  P4=0xfe;
   97   3                  P4M0 = 0x1f;
   98   3                  P4M1 = 0x1f;
   99   3              }
  100   2          }
  101   1      
  102   1      
  103   1      
  104   1      
  105   1      //*********************P1åŒº*******************************
  106   1      //  ï¼ˆåŒå‘ï¼‰P17 INT3O        ï¼ˆå¼€æ¼ï¼‰P16 æ‚¬ç©º       ï¼ˆåŒå‘ï¼‰P15 SCL    ï¼ˆåŒå‘ï¼‰P14 SDA  
             - ï¼ˆå¼€æ¼ï¼‰P13 INT2O    ï¼ˆå¼€æ¼ï¼‰P12   ï¼ˆå¼€æ¼ï¼‰P11 BH_INT   ï¼ˆå¼€æ¼ï¼‰P10 æ‚¬ç©º
  107   1          P1=0xff;
  108   1          P1M0 = 0x4d;
  109   1          P1M1 = 0x4d;
  110   1      
  111   1      //*********************P3åŒº*******************************
  112   1      //  ï¼ˆåŒå‘ï¼‰P37 INT3ï¼ˆBMC050ï¼‰        ï¼ˆå¼€æ¼ï¼‰P36 æ‚¬ç©º       ï¼ˆå¼€æ¼ï¼‰P35 æ‚¬ç©º    ï¼ˆåŒå
             -‘ï¼‰P34 SW360   ï¼ˆå¼€æ¼ï¼‰P33 æ‚¬ç©º    ï¼ˆå¼€æ¼ï¼‰P32 æ‚¬ç©º     ï¼ˆå¼€æ¼ï¼‰P31 TX   ï¼ˆå¼€æ¼ï¼‰P30 RX
  113   1          P3=0xff;
  114   1          P3M0 = 0x03;
  115   1          P3M1 = 0x03;
  116   1      
  117   1      //*********************P5åŒº*******************************
  118   1      //  ï¼ˆå¼€æ¼ï¼‰P57         ï¼ˆå¼€æ¼ï¼‰P56        ï¼ˆå¼€æ¼ï¼‰P55     ï¼ˆåŒå‘ï¼‰P54 RSET   ï¼ˆå¼€æ¼ï¼‰
             -P53 5VEN    ï¼ˆå¼€æ¼ï¼‰P52 BATTERY_ON     ï¼ˆå¼€æ¼ï¼‰P51 TEXT  ï¼ˆåŒå‘ï¼‰P50 SQWï¼ˆ1Hzï¼‰
  119   1          if(dat00[0x0036])
C251 COMPILER V5.60.0,  SleepMode                                                          25/04/24  01:58:01  PAGE 3   

  120   1          {
  121   2              P5=0xfB;
  122   2              P5M0 = 0x04;
  123   2              P5M1 = 0x04;
  124   2          }
  125   1          else
  126   1          {
  127   2              P5=0xf3;
  128   2              P5M0 = 0x0c;
  129   2              P5M1 = 0x0c;
  130   2          }
  131   1      
  132   1      
  133   1      
  134   1      //*********************P2åŒº*******************************
  135   1      //  ï¼ˆåŒå‘ï¼‰P27  KEY-       ï¼ˆåŒå‘ï¼‰P26  KEYMODE      ï¼ˆæ¨æŒ½ï¼‰P25 SCLK    ï¼ˆå¼€æ¼ï¼‰P24 æ‚¬ç
             -©º   ï¼ˆæ¨æŒ½ï¼‰P23 MOSI    ï¼ˆå¼€æ¼ï¼‰P22 CS     ï¼ˆåŒå‘ï¼‰P21 DC  ï¼ˆåŒå‘ï¼‰P20 RES
  136   1          if(dat00[0x0036])
  137   1          {
  138   2              P2PU = 0x01;//æ‰“å¼€OLED  RSETä¸Šæ‹‰ç”µé˜»
  139   2              P2 = 0xFB;
  140   2              P2M0 = 0x3C;
  141   2              P2M1 = 0x14;
  142   2          }
  143   1          else
  144   1          {
  145   2              P2PU = 0x00;
  146   2              P2=0xC0;
  147   2              P2M0 = 0x3F;
  148   2              P2M1 = 0x3F;
  149   2          }
  150   1      
  151   1      
  152   1      
  153   1      
  154   1      
  155   1      
  156   1      
  157   1          P6=0xff;
  158   1          P6M0 = 0xff;
  159   1          P6M1 = 0xff;
  160   1          P7=0xff;
  161   1          P7M0 = 0xff;
  162   1          P7M1 = 0xff;
  163   1      
  164   1      
  165   1      
  166   1      
  167   1          P0IE=0x00;
  168   1          if(dat00[0x0035] == 0x0001)//æ·±åº¦ä¼‘çœ 
  169   1          {
  170   2              P1IE=0x00;
  171   2          }
  172   1          else
  173   1          {
  174   2      
  175   2              P1IE=0x30;
  176   2          }
  177   1          P5IE=0x11;
  178   1      
  179   1          P2IE=0x00;
  180   1          P3IE=0x10;
  181   1          P4IE=0x00;
  182   1      
  183   1      
  184   1      
C251 COMPILER V5.60.0,  SleepMode                                                          25/04/24  01:58:01  PAGE 4   

  185   1      
  186   1          P6IE=0x00;
  187   1          P7IE=0x00;
  188   1      
  189   1      
  190   1      
  191   1      
  192   1      
  193   1      
  194   1          P0INTE = 0x00;//å…è®¸ç«¯å£ä¸­æ–­
  195   1          P0WKUE = 0x00;//å…è®¸æ‰ç”µå”¤é†’
  196   1      
  197   1          P3IM1 &= ~0x10;//ä¸‹é™æ²¿ä¸­æ–­
  198   1          P3IM0 &= ~0x10;
  199   1          P3INTE = 0x10;//å…è®¸ç«¯å£ä¸­æ–­
  200   1          P3WKUE = 0x10;//å…è®¸æ‰ç”µå”¤é†’
  201   1      
  202   1      
  203   1          if(dat00[0x0035] == 0x0001)//æ·±åº¦ä¼‘çœ 
  204   1          {
  205   2              P5INTE &= ~0x01;//å…è®¸ç«¯å£ä¸­æ–­
  206   2              P5WKUE = 0x00;//å…è®¸æ‰ç”µå”¤é†’
  207   2          }
  208   1          else
  209   1          {
  210   2              P5INTE |= 0x01;//å…è®¸ç«¯å£ä¸­æ–­
  211   2              P5WKUE |= 0x01;//å…è®¸æ‰ç”µå”¤é†’
  212   2          }
  213   1      
  214   1      
  215   1      
  216   1          P4INTE = 0x00;//å…è®¸ç«¯å£ä¸­æ–­
  217   1          P4WKUE = 0x00;//å…è®¸æ‰ç”µå”¤é†’
  218   1          P2INTE = 0x00;//å…è®¸ç«¯å£ä¸­æ–­
  219   1          P2WKUE = 0x00;//å…è®¸æ‰ç”µå”¤é†’
  220   1          OLED_InverseDisplay=0;
  221   1          EA = 1;
  222   1      
  223   1      
  224   1          _nop_();
  225   1          _nop_();
  226   1          _nop_();
  227   1          _nop_();
  228   1          PD = 1;                            //MCUè¿›å…¥æ‰ç”µæ¨¡å¼
  229   1          _nop_();
  230   1          _nop_();
  231   1          _nop_();
  232   1          _nop_();
  233   1      
  234   1      }
  235          
  236          
  237          
  238          
  239          //========================================================================
  240          // å‡½æ•°: SleepMode_OFF()
  241          // æè¿°: æ•´æœºé€€å‡ºä¼‘çœ æ¨¡å¼
  242          // å‚æ•°:
  243          // è¿”å›:
  244          // ç‰ˆæœ¬: V1.0 2024.02.12
  245          //========================================================================
  246          void SleepMode_OFF()
  247          {
  248   1          P3WKUE &= ~0x10;
  249   1          P3INTE &= ~0x10;
  250   1          EA=0;
C251 COMPILER V5.60.0,  SleepMode                                                          25/04/24  01:58:01  PAGE 5   

  251   1          P54RST = 1;
  252   1          P0=0xff;
  253   1          P1=0xff;
  254   1          P2=0xff;
  255   1          P3=0xff;
  256   1          P4=0xff;
  257   1          P5=0xff;
  258   1          P6=0xff;
  259   1          P7=0xff;
  260   1          IO_Init();
  261   1          OLED_POW(0);
  262   1          RESET54();
  263   1          if(dat00[0x0036]) dat00[0] &= ~0x0080;
  264   1          ADC_init();
  265   1          Clock_INT();
  266   1          key_int();
  267   1          IIC_int();
  268   1          IIC_W2bit(0x64,0x21,0x80);//å…³é—­èŠ¯ç‰‡K2å¼€å…³
  269   1          Delay10us();
  270   1          IIC_W2bit(0x64,0x0F,0x60);//é…ç½®å¼€å¯1Så®šæ—¶ 0x60
  271   1          Delay10us();
  272   1          IIC_W2bit(0x64,0x0D,0x0A);//FSEL 1Hz  å®šæ—¶å™¨1Hz  æ—¶é—´æ›´æ–°ï¼šç§’æ›´æ–°
  273   1          dat00[0x0006] &= ~0x0001;
  274   1          Delay10us();
  275   1          SPI_init();
  276   1          SPI_DMA_Config();
  277   1          P2PU = 0x01;//æ‰“å¼€OLED  RSETä¸Šæ‹‰ç”µé˜»
  278   1          if(dat00[0x0036] == 0) OLED_Init();
  279   1          P2PU = 0x01;//æ‰“å¼€OLED  RSETä¸Šæ‹‰ç”µé˜»
  280   1          delay_ms(1);
  281   1          INS5699_timeR();
  282   1          dat00[0] |= 0x0002;
  283   1          dat00[0x10]=0x0020;
  284   1          dat00_flag[0x10]=1;
  285   1          dat00[0x2D]=0xFFFF;
  286   1          SleepQueue_aheadW1(5,1,0);
  287   1          P0INTE |= 0x02;//å…è®¸ç«¯å£ä¸­æ–­
  288   1          P0IM1 |=  0xFD;//ä¸‹é™æ²¿ä¸­æ–­
  289   1          P0IM0 &=  0xFD;
  290   1          P0WKUE |= 0x02;//å…è®¸æ‰ç”µå”¤é†’
  291   1          OLED_InverseDisplay=0;
  292   1          EA = 1;
  293   1      }
  294          
  295          
  296          
  297          //========================================================================
  298          // å‡½æ•°: Sleep_task()
  299          // æè¿°: ä¼‘çœ ä»»åŠ¡ï¼Œå”¤é†’åæ‰§è¿è¡ŒTVæ¨¡å¼æŒ‡å®šç§’æ•°çš„æ˜¾ç¤ºåå†å›åˆ°ä¼‘çœ æ¨¡å¼
  300          // å‚æ•°:
  301          // è¿”å›:
  302          // ç‰ˆæœ¬: V1.0 2024.02.12
  303          //========================================================================
  304          void Sleep_task()
  305          {
  306   1          if(dat00[0] & 0x0020)
  307   1          {
  308   2              OLED_Fill(0x00); //åˆå§‹æ¸…å±
  309   2              Sleep_Display_int();
  310   2              SleepMode_ON();
  311   2              dat00[0] &= ~0x0040;
  312   2              dat00[0] &= ~0x0020;
  313   2          }
  314   1          if(dat00[0] & 0x0010)
  315   1          {
  316   2              SleepMode_OFF();
C251 COMPILER V5.60.0,  SleepMode                                                          25/04/24  01:58:01  PAGE 6   

  317   2              dat00[0] |= 0x0040;
  318   2              dat00[0] &= ~0x0010;
  319   2          }
  320   1      }
  321          
  322          //========================================================================
  323          // å‡½æ•°: Sleep_Display_int()
  324          // æè¿°: ä¼‘çœ å±æ˜¾æ¨¡å¼åˆå§‹åŒ–
  325          // å‚æ•°:
  326          // è¿”å›:
  327          // ç‰ˆæœ¬: V1.0 2024.02.12
  328          //========================================================================
  329          void Sleep_Display_int()
  330          {
  331   1      
  332   1          shifen_2(10,56);//æ˜¾ç¤ºä¸¤ä¸ªç‚¹
  333   1      
  334   1          shifen_2((u8)(Time_New[2]/16),24);//æ˜¾ç¤ºæ—¶åä½
  335   1          shifen_2((u8)(Time_New[2]%16),40);//æ˜¾ç¤ºæ—¶ä¸ªä½
  336   1      
  337   1          shifen_2((u8)(Time_New[1]/16),72);//æ˜¾ç¤ºåˆ†åä½
  338   1          shifen_2((u8)(Time_New[1]%16),88);//æ˜¾ç¤ºåˆ†ä¸ªä½
  339   1          time_synchronization();//æ—§æ—¶é—´Time_Low[]æ›´æ–°
  340   1      }
  341          
  342          
  343          
  344          //========================================================================
  345          // å‡½æ•°: Sleep_Display_UI()
  346          // æè¿°: ä¼‘çœ å±æ˜¾æ¨¡å¼UIæ›´æ–°
  347          // å‚æ•°:
  348          // è¿”å›:
  349          // ç‰ˆæœ¬: V1.0 2024.02.12
  350          //========================================================================
  351          void Sleep_Display_UI()
  352          {
  353   1          u8 a=0;
  354   1          u8 b=0;
  355   1      
  356   1          if(Time_New[1] != Time_Low[1])
  357   1          {
  358   2              shifen_2((u8)(Time_New[1]%16),88);
  359   2              a = Time_New[1]/16;
  360   2              b = Time_Low[1]/16;
  361   2              if(a != b)
  362   2              {
  363   3                  shifen_2((u8)(Time_New[1]/16),72);
  364   3              }
  365   2              a = Time_New[2]%16;
  366   2              b = Time_Low[2]%16;
  367   2              if(a != b)
  368   2              {
  369   3                  shifen_2((u8)(Time_New[2]%16),40);
  370   3              }
  371   2              a = Time_New[2]/16;
  372   2              b = Time_Low[2]/16;
  373   2              if(a != b)
  374   2              {
  375   3                  shifen_2((u8)(Time_New[2]/16),24);
  376   3              }
  377   2              time_synchronization();
  378   2          }
  379   1      
  380   1      
  381   1      }
  382          
C251 COMPILER V5.60.0,  SleepMode                                                          25/04/24  01:58:01  PAGE 7   

  383          
  384          
  385          
  386          
  387          
  388          
  389          
  390          


Module Information          Static   Overlayable
------------------------------------------------
  code size            =      1121     ------
  ecode size           =    ------     ------
  data size            =    ------     ------
  idata size           =    ------     ------
  pdata size           =    ------     ------
  xdata size           =    ------     ------
  xdata-const size     =    ------     ------
  edata size           =    ------     ------
  bit size             =    ------     ------
  ebit size            =    ------     ------
  bitaddressable size  =    ------     ------
  ebitaddressable size =    ------     ------
  far data size        =    ------     ------
  huge data size       =    ------     ------
  const size           =    ------     ------
  hconst size          =    ------     ------
End of Module Information.


C251 COMPILATION COMPLETE.  0 WARNING(S),  0 ERROR(S)
