C251 COMPILER V5.60.0,  ThreeMenu                                                          25/04/24  01:58:00  PAGE 1   


C251 COMPILER V5.60.0, COMPILATION OF MODULE ThreeMenu
OBJECT MODULE PLACED IN ThreeMenu.OBJ
COMPILER INVOKED BY: C:\Keil_v5\C251\BIN\C251.EXE ThreeMenu.c XSMALL OPTIMIZE(9,SPEED) BROWSE DEBUG TABS(2) 

stmt  level    source

    1          #include "ThreeMenu.h"
    2          #include "OLED.h"
    3          #include "DATA.h"
    4          #include "SecondaryMenu.h"
    5          
    6          
    7          extern u16 dat00[System_data_num];
    8          extern u16 dat00_low[System_data_num];
    9          extern u8 xdata dat00_flag[System_data_num];
   10          
   11          /****************************** ç¡çœ å¯„å­˜å™¨ç»„ ***********************************/
   12          extern u16 Sleep_Queue[Sleep_queue_num];
   13          extern u16 Sleep_Queue_count;
   14          extern u16 Sleep_Queue_count_target;
   15          extern u16 Sleep_Queue_task[Sleep_queue_num];
   16          
   17          u16 jy=0;
   18          u16 xxx;
   19          
   20          //========================================================================
   21          // å‡½æ•°: UI_ThreeMenu()
   22          // æè¿°: ä¸‰çº§èœå•åˆå§‹åŒ–
   23          // å‚æ•°:
   24          // è¿”å›:
   25          // ç‰ˆæœ¬: V1.0 2024.02.12
   26          //========================================================================
   27          void UI_ThreeMenu()
   28          {
   29   1          OLED_Region_Fill();//ç”»ä¸€ä¸ªå¸¦è¾¹é•¿æ–¹å½¢
   30   1          OLED_Progress_Bar(dat00[GET_SCdat3()],data_GetMax(GET_SCdat3()));//ç”»è¿›åº¦æ¡ + æ˜¾ç¤ºè¿›åº¦æ¡çš„æ
             -•°å€¼
   31   1        OLED_16_16V(TVR((u8)dat00[0x11]),UI_S_F(0),32,2,1);               //æ˜¾ç¤ºé€‰é¡¹çš„æ–‡æœ¬ä¸ŠåŠ
   32   1          OLED_16_16V(TVR((u8)dat00[0x11]),UI_S_F(0)+1,32,3,1);           //æ˜¾ç¤ºé€‰é¡¹çš„æ–‡æœ¬ä¸‹åŠ
   33   1      
   34   1      }
   35          
   36          
   37          
   38          
   39          //========================================================================
   40          // å‡½æ•°: IU_Three()
   41          // æè¿°: ä¸‰çº§èœå•æ›´æ–°UIå¤„ç†
   42          // å‚æ•°:
   43          // è¿”å›:  æ›´æ–°dat00[0x1b]ï¼ˆä¸‰çº§èœå•è®¾ç½®çš„æ—§å€¼æš‚å­˜å¯„å­˜å™¨ï¼‰
   44          // ç‰ˆæœ¬: V1.0 2024.02.12
   45          //========================================================================
   46          void IU_Three()
   47          {
   48   1          if(dat00[0x1A] == 1)
   49   1          {
   50   2              if(dat00[GET_SCdat3()] != dat00[0x1b] )
   51   2              {
   52   3                  OLED_Progress_Bar(dat00[GET_SCdat3()],data_GetMax(GET_SCdat3()));//ç”»è¿›åº¦æ¡ + æ˜¾ç¤ºè¿›åº
             -¦æ¡çš„æ•°å€¼
   53   3                  dat00[0x1b] = dat00[GET_SCdat3()];
   54   3              }
   55   2          }
   56   1      }
   57          
C251 COMPILER V5.60.0,  ThreeMenu                                                          25/04/24  01:58:00  PAGE 2   

   58          
   59          
   60          //========================================================================
   61          // å‡½æ•°: key_falg_0100()
   62          // æè¿°: ä¸‰çº§èœå•åŠ å‡ä»»åŠ¡ï¼Œç‹¬ç«‹å‡ºä¸€ä¸ªä»»åŠ¡ï¼Œé¿å…æŒ‰ä¸€æ¬¡åŠ ä¸¤æ¬¡
   63          // å‚æ•°:
   64          // è¿”å›:  
   65          // ç‰ˆæœ¬: V1.0 2024.02.12
   66          //========================================================================
   67          void key_falg_0100()
   68          {
   69   1          u8 a=0;
   70   1          if(Sleep_Queue_task[0] & 0x0100)
   71   1          {
   72   2              if(dat00[0x1A] == 1)
   73   2              {
   74   3                  if(P45 && P27)
   75   3                  {
   76   4                      jy=0;
   77   4                  }
   78   3                  if(!P45)//é•¿æŒ‰åŠ 
   79   3                  {
   80   4                      data00_Change(GET_SCdat3(),1);
   81   4                      if(jy < 250)  jy = jy + 10;
   82   4                      dat00[0x0008] = 60;
   83   4                  }
   84   3                  if(!P27)//é•¿æŒ‰å‡
   85   3                  {
   86   4                      data00_Change(GET_SCdat3(),0);
   87   4                      if(jy < 250)  jy = jy + 10;
   88   4                      dat00[0x0008] = 60;
   89   4                  }
   90   3                  if(dat00[GET_SCdat3()] != dat00[0x1b] )
   91   3                  {
   92   4                      a =1;
   93   4                      //dat00[0x1b] = dat00[GET_SCdat3()];
   94   4                  }
   95   3              }
   96   2              
   97   2              IU_Three();
   98   2              Sleep_Queue_task[0] &=~0x0100;
   99   2              if(a) SleepQueue_aheadW1(350 - jy,0x0101,0);
  100   2          }
  101   1      }


Module Information          Static   Overlayable
------------------------------------------------
  code size            =       313     ------
  ecode size           =    ------     ------
  data size            =    ------     ------
  idata size           =    ------     ------
  pdata size           =    ------     ------
  xdata size           =    ------     ------
  xdata-const size     =    ------     ------
  edata size           =         4     ------
  bit size             =    ------     ------
  ebit size            =    ------     ------
  bitaddressable size  =    ------     ------
  ebitaddressable size =    ------     ------
  far data size        =    ------     ------
  huge data size       =    ------     ------
  const size           =    ------     ------
  hconst size          =         6     ------
End of Module Information.


C251 COMPILATION COMPLETE.  0 WARNING(S),  0 ERROR(S)
