C251 COMPILER V5.60.0,  Time_Interruption                                                  25/04/24  00:23:38  PAGE 1   


C251 COMPILER V5.60.0, COMPILATION OF MODULE Time_Interruption
OBJECT MODULE PLACED IN Time_Interruption.OBJ
COMPILER INVOKED BY: C:\Keil_v5\C251\BIN\C251.EXE Time_Interruption.c XSMALL OPTIMIZE(9,SPEED) BROWSE DEBUG TABS(2) 

stmt  level    source

    1          #include "Time_Interruption.h"
    2          #include "IIC.h"
    3          #include "SHT41.h"
    4          #include "SPL06.h"
    5          #include "BH1745.h"
    6          #include "time.h"
    7          #include "DATA.h"
    8          #include "OLED.h"
    9          #include "INS5699S.h"
   10          #include "ADC.h"
   11          #include "SecondaryMenu.h"
   12          
   13          #include "SleepMode.h"
   14          #include "UART1.h"
   15          #include "logic.h"
   16          #include "TV_Mode.h"
   17          
   18          
   19          
   20          extern u8 xdata DMABuffer[96];
   21          extern u16 dat00[System_data_num];
   22          extern u16 dat00_low[System_data_num];
   23          extern u8 xdata dat00_flag[System_data_num];
   24          
   25          
   26          
   27          /*************  æœ¬åœ°å˜é‡å£°æ˜  åŠŸèƒ½å¯„å­˜å™¨  **************/
   28          extern u8 xdata DMABuffer[96];
   29          
   30          /****************************** ç¡çœ å¯„å­˜å™¨ç»„ ***********************************/
   31          extern u16 Sleep_Queue[Sleep_queue_num];
   32          
   33          extern u16 Sleep_Queue_task[Sleep_queue_num];
   34          
   35          extern u16 Sleep_Queue_count;
   36          extern u16 Sleep_Queue_count_target;
   37          
   38          extern u8 Time_New[7];
   39          extern u8 Time_Low[7];
   40          extern u8 xdata Time_int[7];
   41          
   42          extern u32 xdata JCQ06_00[5];
   43          
   44          u8 yya=0;
   45          
   46          extern u8 New_time_num[7];
   47          
   48          extern u16 Sleep36;
   49          
   50          //========================================================================
   51          // å‡½æ•°: void TVMode_2()
   52          // æè¿°: ç§’ä¸­æ–­/åˆ†ä¸­æ–­å¤„ç†
   53          // å‚æ•°: 
   54          // è¿”å›:
   55          // ç‰ˆæœ¬: V1.0 2023.02.05
   56          //========================================================================
   57          void Time_Interruption_1S()
   58          {
   59   1          u8 i = 0;
C251 COMPILER V5.60.0,  Time_Interruption                                                  25/04/24  00:23:38  PAGE 2   

   60   1          u8 UI_flag = 0;
   61   1          u8 ADC_flag = 0;
   62   1          u8 BH_flag = 0;
   63   1      
   64   1          if(dat00[0] & 0x0002)
   65   1          {
   66   2              i = IIC_R1bit(INS5699_W,0x0e);//è¯»æ ‡å¿—ä½å¯„å­˜å™¨
   67   2              if(i & 0x20)
   68   2              {
   69   3                  INS5699_timeR();//è¯»å–å½“å‰æ—¶é—´
   70   3                if((dat00[0] & 0x0040) ||  (dat00[0x37] == 0))//ä¼‘çœ æ¨¡å¼å”¤é†’å æˆ– ä¸ä¸ºä¼‘çœ æ¨¡å¼
   71   3                  {
   72   4                      dat00[0x0000]  |= 0x000C;
   73   4                      if(dat00[0x0053]) BH_flag = 1;//è‡ªåŠ¨è°ƒå…‰æ‰“å¼€ï¼Œåˆ™æ ‡å¿—éœ€è¦æµ‹é‡å…‰å¼º
   74   4                      if(dat00[0x0010] == 0x0020 || dat00[0x0010] == 0x0021 || dat00[0x0010] == 0x0022 || dat00
             -[0x0010] == 0x0005)//TVæ¨¡å¼æˆ–è€…æŒ‡å—é’ˆ
   75   4                      {
   76   5                          dat00[0x002E]  |= 0x0001;//ç§’ åˆ·æ–°æ ‡å¿—ä½
   77   5                          dat00[0] |= 0x0100;
   78   5                          dat00[0x0009]  = Time_comparison();
   79   5                          ADC_flag = 1;//ç”³è¯·ADCæµ‹é‡
   80   5                      }
   81   4      
   82   4                      //IIC_W2bit(INS5699_W,0x0e,i);
   83   4                      if((dat00[0x0010] == 3 && Sleep_Queue_task[0] != 1) || dat00[0x0010] == 0x0021)//å¦‚æœåœ
             -¨ç¯å¢ƒä¿¡æ¯å†…æˆ–TVæ¨¡å¼ç”µæºæ˜¾ç¤ºé¡µé¢æ—¶ï¼Œå¼€å¯æ‰€æœ‰ä¼ æ„Ÿå™¨çš„æ£€æµ‹
   84   4                      {
   85   5                          SHT41_R_High();
   86   5                          dat00[0x0041] = JCQ06_00[0];
   87   5                          dat00[0x0042] = JCQ06_00[1];
   88   5                          SPL06_PR_R();
   89   5                          dat00[0x0043] = JCQ06_00[4]/100;
   90   5                          BH_flag = 1;
   91   5                          if(dat00[0x0010] == 3)
   92   5                          {
   93   6                              UI_flag = 1;//æ›´æ–°äºŒçº§èœå•å³è¾¹UIæ•°æ®
   94   6                          }
   95   5                      }
   96   4      
   97   4                      if((dat00[0x0010] == 0x000D && Sleep_Queue_task[0] != 1) || dat00[0x0010] == 0x0022)//å¦‚
             -æœåœ¨ç”µæºæ£€æµ‹æˆ–åœ¨TVæ¨¡å¼æ¸©åº¦æ¹¿åº¦æ°”å‹æ˜¾ç¤ºæ—¶ï¼Œå¼€å¯æ‰€æœ‰ä¼ æ„Ÿå™¨çš„æ£€æµ‹
   98   4                      {
   99   5                          if(dat00[0x0010] == 0x000D)
  100   5                          {
  101   6                              ADC_flag = 1;
  102   6                              UI_flag = 1;//æ›´æ–°äºŒçº§èœå•å³è¾¹UIæ•°æ®
  103   6                          }
  104   5                      }
  105   4                      
  106   4                      SleepQueue_aheadW1(6,1,0);//ç”³è¯·ä¸€ä¸ªUIåˆ·æ–°ä»»åŠ¡
  107   4      
  108   4                  }
  109   3                  else if((dat00[0x37] == 1) && (dat00[0x36] == 1) && ((dat00[0] & 0x0040) == 0x00) )//å¦‚æœåœ
             -¨ä¼‘çœ å±æ˜¾
  110   3                  {
  111   4                      Sleep_Display_UI();
  112   4                      //if(dat00[0x0053]) BH_flag = 1;
  113   4                  }
  114   3                  if(dat00[0x0010] == 12)  BH_flag = 0;
  115   3      
  116   3      
  117   3                  if(BH_flag)
  118   3                  {
  119   4                      IIC_W2bit(BH1745_W,0x42,0x12);
  120   4                      SleepQueue_aheadW1(400,2,0);
  121   4                  }
C251 COMPILER V5.60.0,  Time_Interruption                                                  25/04/24  00:23:38  PAGE 3   

  122   3                  if(UI_flag)
  123   3                  {
  124   4                      UI_SecondaryMenu_G();
  125   4                  }
  126   3                  if(ADC_flag)
  127   3                  {
  128   4                      ADC_Get_V1();
  129   4                  }
  130   3                  
  131   3                  //æ— åŠ¨ä½œ60ç§’é€€å›ä¼‘çœ æ¨¡å¼æˆ–è€…TVæ¨¡å¼
  132   3                  
  133   3                  if((dat00[0x0010] == 0x0020 || dat00[0x0010] == 0x0021 || dat00[0x0010] == 0x0022) || ((dat00
             -[0] & 0x0080) && (dat00[0x0036])) || (dat00[0x0006] & 0x0006) )
  134   3                  {
  135   4                      dat00[0x0008] = 60;
  136   4                  }
  137   3                  else
  138   3                  {
  139   4                      dat00[0x0008]--;
  140   4                      if(dat00[0x0008] <= 2)
  141   4                      {
  142   5                        if(dat00[0x0008] == 2)
  143   5                        {
  144   6                           ESC_key();
  145   6                           dat00[0x0008] = 2;
  146   6                        }
  147   5                        else if(dat00[0x0008] == 1)
  148   5                        {
  149   6                           ESC_key();
  150   6                           dat00[0x0008] = 1;
  151   6                        }
  152   5                        else if(dat00[0x0008] == 0)
  153   5                        {
  154   6                          if(dat00[0x26])
  155   6                          {
  156   7                              dat00[0x10] = 0x0020;
  157   7                              dat00[0x002D] = 0;
  158   7                              dat00[0x37] = 0;
  159   7                              dat00[0x26] = 1;
  160   7                              dat00[0x1A] = 0;
  161   7                              dat00[0] &= ~0x0040;
  162   7                              dat00[0] &= ~0x0080;
  163   7                              dat00_flag[0x10] = 1;
  164   7                          }
  165   6                          else
  166   6                          {
  167   7                              
  168   7                            dat00_flag[0x37] = 1;
  169   7                            dat00[0] &= ~0x0040;
  170   7                          
  171   7                          }
  172   6                        }
  173   5                      }
  174   4      
  175   4                  }
  176   3                  i = i & 0xdf;
  177   3                  IIC_W2bit(INS5699_W,0x0e,i);
  178   3      
  179   3              }
  180   2              dat00[0] &= ~0x0002;
  181   2          }
  182   1      }
  183          
  184          
  185          
  186          
C251 COMPILER V5.60.0,  Time_Interruption                                                  25/04/24  00:23:38  PAGE 4   

  187          
  188          
  189          
  190          


Module Information          Static   Overlayable
------------------------------------------------
  code size            =       594     ------
  ecode size           =    ------     ------
  data size            =    ------     ------
  idata size           =    ------     ------
  pdata size           =    ------     ------
  xdata size           =    ------     ------
  xdata-const size     =    ------     ------
  edata size           =         1     ------
  bit size             =    ------     ------
  ebit size            =    ------     ------
  bitaddressable size  =    ------     ------
  ebitaddressable size =    ------     ------
  far data size        =    ------     ------
  huge data size       =    ------     ------
  const size           =    ------     ------
  hconst size          =         5     ------
End of Module Information.


C251 COMPILATION COMPLETE.  0 WARNING(S),  0 ERROR(S)
